Using pre-set license
Built from '2020.2/staging' branch; Version is '2020.2.7f1 (c53830e277f1) revision 12924976'; Using compiler version '192528614'; Build Type 'Release'
OS: 'Windows 10 Pro; OS build 19042.867; Version 2009; 64bit' Language: 'ru' Physical Memory: 16335 MB
BatchMode: 1, IsHumanControllingUs: 0, StartBugReporterOnCrash: 0, Is64bit: 1, IsPro: 0

 COMMAND LINE ARGUMENTS:
C:\Program Files\Unity\2020.2.7f1\Editor\Unity.exe
-adb2
-batchMode
-noUpm
-name
AssetImportWorker1
-projectPath
D:/Freelance/Challenge/Challenge
-logFile
Logs/AssetImportWorker1.log
-srvPort
51167
Successfully changed project path to: D:/Freelance/Challenge/Challenge
D:/Freelance/Challenge/Challenge
Using Asset Import Pipeline V2.
Refreshing native plugins compatible for Editor in 39.76 ms, found 1 plugins.
Preloading 0 native plugins for Editor in 0.00 ms.
Initialize engine version: 2020.2.7f1 (c53830e277f1)
[Subsystems] Discovering subsystems at path C:/Program Files/Unity/2020.2.7f1/Editor/Data/Resources/UnitySubsystems
[Subsystems] Discovering subsystems at path D:/Freelance/Challenge/Challenge/Assets
GfxDevice: creating device client; threaded=0
Direct3D:
    Version:  Direct3D 11.0 [level 11.1]
    Renderer: NVIDIA GeForce GTX 1060 6GB (ID=0x1c03)
    Vendor:   
    VRAM:     6052 MB
    Driver:   27.21.14.5730
Initialize mono
Mono path[0] = 'C:/Program Files/Unity/2020.2.7f1/Editor/Data/Managed'
Mono path[1] = 'C:/Program Files/Unity/2020.2.7f1/Editor/Data/MonoBleedingEdge/lib/mono/unityjit'
Mono config path = 'C:/Program Files/Unity/2020.2.7f1/Editor/Data/MonoBleedingEdge/etc'
Using monoOptions --debugger-agent=transport=dt_socket,embedding=1,server=y,suspend=n,address=127.0.0.1:56920
Begin MonoManager ReloadAssembly
Registering precompiled unity dll's ...
Register platform support module: C:/Program Files/Unity/2020.2.7f1/Editor/Data/PlaybackEngines/WindowsStandaloneSupport/UnityEditor.WindowsStandalone.Extensions.dll
Registered in 0.002591 seconds.
Native extension for WindowsStandalone target not found
Refreshing native plugins compatible for Editor in 39.96 ms, found 1 plugins.
Preloading 0 native plugins for Editor in 0.00 ms.
Invoked RoslynAnalysisRunner static constructor.
RoslynAnalysisRunner will not be running.
RoslynAnalysisRunner has terminated.
Mono: successfully reloaded assembly
- Completed reload, in  2.638 seconds
Platform modules already initialized, skipping
Registering precompiled user dll's ...
Registered in 0.000750 seconds.
Begin MonoManager ReloadAssembly
Native extension for WindowsStandalone target not found
Refreshing native plugins compatible for Editor in 41.24 ms, found 1 plugins.
Preloading 0 native plugins for Editor in 0.00 ms.
Invoked RoslynAnalysisRunner static constructor.
RoslynAnalysisRunner will not be running.
RoslynAnalysisRunner has terminated.
Mono: successfully reloaded assembly
- Completed reload, in  1.027 seconds
Platform modules already initialized, skipping
========================================================================
Worker process is ready to serve import requests
Launched and connected shader compiler UnityShaderCompiler.exe after 0.05 seconds
Refreshing native plugins compatible for Editor in 0.35 ms, found 1 plugins.
Preloading 0 native plugins for Editor in 0.00 ms.
Unloading 1867 Unused Serialized files (Serialized files now loaded: 0)
System memory in use before: 105.5 MB.
System memory in use after: 105.6 MB.

Unloading 18 unused Assets to reduce memory usage. Loaded Objects now: 2341.
Total: 1.924100 ms (FindLiveObjects: 0.199800 ms CreateObjectMapping: 0.046800 ms MarkObjects: 1.657500 ms  DeleteObjects: 0.019200 ms)

========================================================================
Received Import Request.
  path: Assets/Scenes/05_Challenges.unity
  artifactKey: Guid(cf250bd51741a31438b9e1ab5bfab3be) Importer(815301076,1909f56bfc062723c751e8b465ee728b)
Start importing Assets/Scenes/05_Challenges.unity using Guid(cf250bd51741a31438b9e1ab5bfab3be) Importer(815301076,1909f56bfc062723c751e8b465ee728b)  -> (artifact id: '0d603cdfa987d1cc72fc197216ae6b68') in 0.017358 seconds
  Import took 0.020760 seconds .

========================================================================
Received Import Request.
  Time since last request: 0.171436 seconds.
  path: Assets/Scenes/04_Tickets.unity
  artifactKey: Guid(77ae93738b1644e41a2dc7076a9fb8ad) Importer(815301076,1909f56bfc062723c751e8b465ee728b)
Start importing Assets/Scenes/04_Tickets.unity using Guid(77ae93738b1644e41a2dc7076a9fb8ad) Importer(815301076,1909f56bfc062723c751e8b465ee728b)  -> (artifact id: '25704148eea2a8085101498e5c4122c1') in 0.002735 seconds
  Import took 0.016938 seconds .

========================================================================
Received Import Request.
  Time since last request: 86.325650 seconds.
  path: Assets/Scenes/04_Tickets.unity
  artifactKey: Guid(77ae93738b1644e41a2dc7076a9fb8ad) Importer(815301076,1909f56bfc062723c751e8b465ee728b)
Start importing Assets/Scenes/04_Tickets.unity using Guid(77ae93738b1644e41a2dc7076a9fb8ad) Importer(815301076,1909f56bfc062723c751e8b465ee728b)  -> (artifact id: '52c8ddb59392edb3efddcbf7b5b49744') in 0.002617 seconds
  Import took 0.012431 seconds .

========================================================================
Received Import Request.
  Time since last request: 8.586438 seconds.
  path: Assets/Scenes/05_Challenges.unity
  artifactKey: Guid(cf250bd51741a31438b9e1ab5bfab3be) Importer(815301076,1909f56bfc062723c751e8b465ee728b)
Start importing Assets/Scenes/05_Challenges.unity using Guid(cf250bd51741a31438b9e1ab5bfab3be) Importer(815301076,1909f56bfc062723c751e8b465ee728b)  -> (artifact id: 'aa122ddd011133b4196df5acb63bd42b') in 0.002636 seconds
  Import took 0.030644 seconds .

========================================================================
Received Import Request.
  Time since last request: 96.963251 seconds.
  path: Assets/Scenes/05_Challenges.unity
  artifactKey: Guid(cf250bd51741a31438b9e1ab5bfab3be) Importer(815301076,1909f56bfc062723c751e8b465ee728b)
Start importing Assets/Scenes/05_Challenges.unity using Guid(cf250bd51741a31438b9e1ab5bfab3be) Importer(815301076,1909f56bfc062723c751e8b465ee728b)  -> (artifact id: '03b6d79ce61839dcf0625eca3ebae794') in 0.002983 seconds
  Import took 0.028757 seconds .

========================================================================
Received Import Request.
  Time since last request: 116.375211 seconds.
  path: Assets/Scenes/05_Challenges.unity
  artifactKey: Guid(cf250bd51741a31438b9e1ab5bfab3be) Importer(815301076,1909f56bfc062723c751e8b465ee728b)
Start importing Assets/Scenes/05_Challenges.unity using Guid(cf250bd51741a31438b9e1ab5bfab3be) Importer(815301076,1909f56bfc062723c751e8b465ee728b)  -> (artifact id: '045b9b87ad3e880b77120137613b59eb') in 0.002842 seconds
  Import took 0.032822 seconds .

========================================================================
Received Prepare
Registering precompiled user dll's ...
Registered in 0.000805 seconds.
Begin MonoManager ReloadAssembly
Native extension for WindowsStandalone target not found
Refreshing native plugins compatible for Editor in 0.48 ms, found 1 plugins.
Preloading 0 native plugins for Editor in 0.00 ms.
Invoked RoslynAnalysisRunner static constructor.
RoslynAnalysisRunner will not be running.
RoslynAnalysisRunner has terminated.
Mono: successfully reloaded assembly
- Completed reload, in  0.940 seconds
Platform modules already initialized, skipping
Switching build target platform(5) subTarget(0) extendedPlatform(0) -> platform(13) subTarget(537395200) extendedPlatform(0)
Refreshing native plugins compatible for Editor in 0.37 ms, found 1 plugins.
Preloading 0 native plugins for Editor in 0.00 ms.
Unloading 1860 Unused Serialized files (Serialized files now loaded: 0)
System memory in use before: 105.1 MB.
System memory in use after: 105.2 MB.

Unloading 8 unused Assets to reduce memory usage. Loaded Objects now: 2344.
Total: 2.025500 ms (FindLiveObjects: 0.243400 ms CreateObjectMapping: 0.046300 ms MarkObjects: 1.717500 ms  DeleteObjects: 0.016800 ms)

AssetImportParameters requested are different than current active one (requested -> active):
  custom:graphics/normal-map-encoding: 01000000000000000000000000000000 -> 02000000000000000000000000000000
========================================================================
Received Prepare
Registering precompiled user dll's ...
Registered in 0.000874 seconds.
Begin MonoManager ReloadAssembly
Native extension for WindowsStandalone target not found
Refreshing native plugins compatible for Editor in 0.43 ms, found 1 plugins.
Preloading 0 native plugins for Editor in 0.00 ms.
Invoked RoslynAnalysisRunner static constructor.
RoslynAnalysisRunner will not be running.
RoslynAnalysisRunner has terminated.
Mono: successfully reloaded assembly
- Completed reload, in  0.947 seconds
Platform modules already initialized, skipping
Switching build target platform(5) subTarget(0) extendedPlatform(0) -> platform(13) subTarget(537395200) extendedPlatform(0)
Refreshing native plugins compatible for Editor in 0.37 ms, found 1 plugins.
Preloading 0 native plugins for Editor in 0.00 ms.
Unloading 1860 Unused Serialized files (Serialized files now loaded: 0)
System memory in use before: 105.1 MB.
System memory in use after: 105.2 MB.

Unloading 8 unused Assets to reduce memory usage. Loaded Objects now: 2347.
Total: 1.988600 ms (FindLiveObjects: 0.208300 ms CreateObjectMapping: 0.044500 ms MarkObjects: 1.720400 ms  DeleteObjects: 0.014300 ms)

AssetImportParameters requested are different than current active one (requested -> active):
  custom:graphics/normal-map-encoding: 01000000000000000000000000000000 -> 02000000000000000000000000000000
========================================================================
Received Prepare
Registering precompiled user dll's ...
Registered in 0.000786 seconds.
Begin MonoManager ReloadAssembly
Native extension for WindowsStandalone target not found
Refreshing native plugins compatible for Editor in 0.50 ms, found 1 plugins.
Preloading 0 native plugins for Editor in 0.00 ms.
Invoked RoslynAnalysisRunner static constructor.
RoslynAnalysisRunner will not be running.
RoslynAnalysisRunner has terminated.
Mono: successfully reloaded assembly
- Completed reload, in  0.939 seconds
Platform modules already initialized, skipping
Switching build target platform(5) subTarget(0) extendedPlatform(0) -> platform(13) subTarget(537395200) extendedPlatform(0)
Refreshing native plugins compatible for Editor in 0.36 ms, found 1 plugins.
Preloading 0 native plugins for Editor in 0.00 ms.
Unloading 1860 Unused Serialized files (Serialized files now loaded: 0)
System memory in use before: 105.1 MB.
System memory in use after: 105.2 MB.

Unloading 8 unused Assets to reduce memory usage. Loaded Objects now: 2350.
Total: 1.952100 ms (FindLiveObjects: 0.210100 ms CreateObjectMapping: 0.045800 ms MarkObjects: 1.678400 ms  DeleteObjects: 0.016300 ms)

AssetImportParameters requested are different than current active one (requested -> active):
  custom:graphics/normal-map-encoding: 01000000000000000000000000000000 -> 02000000000000000000000000000000
========================================================================
Received Import Request.
  Time since last request: 368.057978 seconds.
  path: Assets/Scenes/06_Prizes.unity
  artifactKey: Guid(b48fb2846e26d484f932b14cf251da52) Importer(815301076,1909f56bfc062723c751e8b465ee728b)
Start importing Assets/Scenes/06_Prizes.unity using Guid(b48fb2846e26d484f932b14cf251da52) Importer(815301076,1909f56bfc062723c751e8b465ee728b)  -> (artifact id: '63e44e3aa56bcecab5d22a190d2350ed') in 0.016458 seconds
  Import took 0.019506 seconds .

========================================================================
Received Prepare
Registering precompiled user dll's ...
Registered in 0.000784 seconds.
Begin MonoManager ReloadAssembly
Native extension for WindowsStandalone target not found
Refreshing native plugins compatible for Editor in 0.36 ms, found 1 plugins.
Preloading 0 native plugins for Editor in 0.00 ms.
Invoked RoslynAnalysisRunner static constructor.
RoslynAnalysisRunner will not be running.
RoslynAnalysisRunner has terminated.
Mono: successfully reloaded assembly
- Completed reload, in  0.964 seconds
Platform modules already initialized, skipping
Switching build target platform(5) subTarget(0) extendedPlatform(0) -> platform(13) subTarget(537395200) extendedPlatform(0)
Refreshing native plugins compatible for Editor in 0.39 ms, found 1 plugins.
Preloading 0 native plugins for Editor in 0.00 ms.
Unloading 1860 Unused Serialized files (Serialized files now loaded: 0)
System memory in use before: 105.1 MB.
System memory in use after: 105.3 MB.

Unloading 8 unused Assets to reduce memory usage. Loaded Objects now: 2353.
Total: 1.868000 ms (FindLiveObjects: 0.214800 ms CreateObjectMapping: 0.043300 ms MarkObjects: 1.594900 ms  DeleteObjects: 0.014000 ms)

AssetImportParameters requested are different than current active one (requested -> active):
  custom:graphics/normal-map-encoding: 01000000000000000000000000000000 -> 02000000000000000000000000000000
========================================================================
Received Prepare
Registering precompiled user dll's ...
Registered in 0.000806 seconds.
Begin MonoManager ReloadAssembly
Native extension for WindowsStandalone target not found
Refreshing native plugins compatible for Editor in 0.37 ms, found 1 plugins.
Preloading 0 native plugins for Editor in 0.00 ms.
Invoked RoslynAnalysisRunner static constructor.
RoslynAnalysisRunner will not be running.
RoslynAnalysisRunner has terminated.
Mono: successfully reloaded assembly
- Completed reload, in  0.966 seconds
Platform modules already initialized, skipping
Switching build target platform(5) subTarget(0) extendedPlatform(0) -> platform(13) subTarget(537395200) extendedPlatform(0)
Refreshing native plugins compatible for Editor in 0.35 ms, found 1 plugins.
Preloading 0 native plugins for Editor in 0.00 ms.
Unloading 1860 Unused Serialized files (Serialized files now loaded: 0)
System memory in use before: 105.2 MB.
System memory in use after: 105.3 MB.

Unloading 8 unused Assets to reduce memory usage. Loaded Objects now: 2356.
Total: 1.997500 ms (FindLiveObjects: 0.198100 ms CreateObjectMapping: 0.044600 ms MarkObjects: 1.739200 ms  DeleteObjects: 0.014500 ms)

AssetImportParameters requested are different than current active one (requested -> active):
  custom:graphics/normal-map-encoding: 01000000000000000000000000000000 -> 02000000000000000000000000000000
========================================================================
Received Prepare
Registering precompiled user dll's ...
Registered in 0.001114 seconds.
Begin MonoManager ReloadAssembly
Native extension for WindowsStandalone target not found
Refreshing native plugins compatible for Editor in 0.36 ms, found 1 plugins.
Preloading 0 native plugins for Editor in 0.00 ms.
Invoked RoslynAnalysisRunner static constructor.
RoslynAnalysisRunner will not be running.
RoslynAnalysisRunner has terminated.
Mono: successfully reloaded assembly
- Completed reload, in  0.974 seconds
Platform modules already initialized, skipping
Switching build target platform(5) subTarget(0) extendedPlatform(0) -> platform(13) subTarget(537395200) extendedPlatform(0)
Refreshing native plugins compatible for Editor in 0.42 ms, found 1 plugins.
Preloading 0 native plugins for Editor in 0.00 ms.
Unloading 1860 Unused Serialized files (Serialized files now loaded: 0)
System memory in use before: 105.2 MB.
System memory in use after: 105.3 MB.

Unloading 8 unused Assets to reduce memory usage. Loaded Objects now: 2359.
Total: 1.897400 ms (FindLiveObjects: 0.191200 ms CreateObjectMapping: 0.044600 ms MarkObjects: 1.647500 ms  DeleteObjects: 0.012900 ms)

AssetImportParameters requested are different than current active one (requested -> active):
  custom:graphics/normal-map-encoding: 01000000000000000000000000000000 -> 02000000000000000000000000000000
========================================================================
Received Prepare
Registering precompiled user dll's ...
Registered in 0.000781 seconds.
Begin MonoManager ReloadAssembly
Native extension for WindowsStandalone target not found
Refreshing native plugins compatible for Editor in 0.36 ms, found 1 plugins.
Preloading 0 native plugins for Editor in 0.00 ms.
Invoked RoslynAnalysisRunner static constructor.
RoslynAnalysisRunner will not be running.
RoslynAnalysisRunner has terminated.
Mono: successfully reloaded assembly
- Completed reload, in  0.975 seconds
Platform modules already initialized, skipping
Switching build target platform(5) subTarget(0) extendedPlatform(0) -> platform(13) subTarget(537395200) extendedPlatform(0)
Refreshing native plugins compatible for Editor in 0.47 ms, found 1 plugins.
Preloading 0 native plugins for Editor in 0.00 ms.
Unloading 1860 Unused Serialized files (Serialized files now loaded: 0)
System memory in use before: 105.2 MB.
System memory in use after: 105.3 MB.

Unloading 8 unused Assets to reduce memory usage. Loaded Objects now: 2362.
Total: 2.113800 ms (FindLiveObjects: 0.263200 ms CreateObjectMapping: 0.057800 ms MarkObjects: 1.772900 ms  DeleteObjects: 0.018900 ms)

AssetImportParameters requested are different than current active one (requested -> active):
  custom:graphics/normal-map-encoding: 01000000000000000000000000000000 -> 02000000000000000000000000000000
========================================================================
Received Prepare
Registering precompiled user dll's ...
Registered in 0.000801 seconds.
Begin MonoManager ReloadAssembly
Native extension for WindowsStandalone target not found
Refreshing native plugins compatible for Editor in 0.38 ms, found 1 plugins.
Preloading 0 native plugins for Editor in 0.00 ms.
Invoked RoslynAnalysisRunner static constructor.
RoslynAnalysisRunner will not be running.
RoslynAnalysisRunner has terminated.
Mono: successfully reloaded assembly
- Completed reload, in  0.963 seconds
Platform modules already initialized, skipping
Switching build target platform(5) subTarget(0) extendedPlatform(0) -> platform(13) subTarget(537395200) extendedPlatform(0)
Refreshing native plugins compatible for Editor in 0.37 ms, found 1 plugins.
Preloading 0 native plugins for Editor in 0.00 ms.
Unloading 1860 Unused Serialized files (Serialized files now loaded: 0)
System memory in use before: 105.2 MB.
System memory in use after: 105.3 MB.

Unloading 8 unused Assets to reduce memory usage. Loaded Objects now: 2365.
Total: 2.004400 ms (FindLiveObjects: 0.188100 ms CreateObjectMapping: 0.044400 ms MarkObjects: 1.751900 ms  DeleteObjects: 0.018800 ms)

AssetImportParameters requested are different than current active one (requested -> active):
  custom:graphics/normal-map-encoding: 01000000000000000000000000000000 -> 02000000000000000000000000000000
========================================================================
Received Prepare
Registering precompiled user dll's ...
Registered in 0.000893 seconds.
Begin MonoManager ReloadAssembly
Native extension for WindowsStandalone target not found
Refreshing native plugins compatible for Editor in 0.36 ms, found 1 plugins.
Preloading 0 native plugins for Editor in 0.00 ms.
Invoked RoslynAnalysisRunner static constructor.
RoslynAnalysisRunner will not be running.
RoslynAnalysisRunner has terminated.
Mono: successfully reloaded assembly
- Completed reload, in  1.010 seconds
Platform modules already initialized, skipping
Switching build target platform(5) subTarget(0) extendedPlatform(0) -> platform(13) subTarget(537395200) extendedPlatform(0)
Refreshing native plugins compatible for Editor in 0.36 ms, found 1 plugins.
Preloading 0 native plugins for Editor in 0.00 ms.
Unloading 1860 Unused Serialized files (Serialized files now loaded: 0)
System memory in use before: 105.2 MB.
System memory in use after: 105.3 MB.

Unloading 8 unused Assets to reduce memory usage. Loaded Objects now: 2368.
Total: 2.554800 ms (FindLiveObjects: 0.498800 ms CreateObjectMapping: 0.093600 ms MarkObjects: 1.945200 ms  DeleteObjects: 0.015000 ms)

AssetImportParameters requested are different than current active one (requested -> active):
  custom:graphics/normal-map-encoding: 01000000000000000000000000000000 -> 02000000000000000000000000000000
========================================================================
Received Prepare
Registering precompiled user dll's ...
Registered in 0.000813 seconds.
Begin MonoManager ReloadAssembly
Native extension for WindowsStandalone target not found
Refreshing native plugins compatible for Editor in 0.36 ms, found 1 plugins.
Preloading 0 native plugins for Editor in 0.00 ms.
Invoked RoslynAnalysisRunner static constructor.
RoslynAnalysisRunner will not be running.
RoslynAnalysisRunner has terminated.
Mono: successfully reloaded assembly
- Completed reload, in  0.986 seconds
Platform modules already initialized, skipping
Switching build target platform(5) subTarget(0) extendedPlatform(0) -> platform(13) subTarget(537395200) extendedPlatform(0)
Refreshing native plugins compatible for Editor in 0.36 ms, found 1 plugins.
Preloading 0 native plugins for Editor in 0.00 ms.
Unloading 1860 Unused Serialized files (Serialized files now loaded: 0)
System memory in use before: 105.2 MB.
System memory in use after: 105.3 MB.

Unloading 8 unused Assets to reduce memory usage. Loaded Objects now: 2371.
Total: 2.043500 ms (FindLiveObjects: 0.219400 ms CreateObjectMapping: 0.044800 ms MarkObjects: 1.759500 ms  DeleteObjects: 0.018600 ms)

AssetImportParameters requested are different than current active one (requested -> active):
  custom:graphics/normal-map-encoding: 01000000000000000000000000000000 -> 02000000000000000000000000000000
========================================================================
Received Prepare
Registering precompiled user dll's ...
Registered in 0.001316 seconds.
Begin MonoManager ReloadAssembly
Native extension for WindowsStandalone target not found
Refreshing native plugins compatible for Editor in 0.37 ms, found 1 plugins.
Preloading 0 native plugins for Editor in 0.00 ms.
Invoked RoslynAnalysisRunner static constructor.
RoslynAnalysisRunner will not be running.
RoslynAnalysisRunner has terminated.
Mono: successfully reloaded assembly
- Completed reload, in  1.020 seconds
Platform modules already initialized, skipping
Switching build target platform(5) subTarget(0) extendedPlatform(0) -> platform(13) subTarget(537395200) extendedPlatform(0)
Refreshing native plugins compatible for Editor in 0.38 ms, found 1 plugins.
Preloading 0 native plugins for Editor in 0.00 ms.
Unloading 1860 Unused Serialized files (Serialized files now loaded: 0)
System memory in use before: 105.2 MB.
System memory in use after: 105.3 MB.

Unloading 8 unused Assets to reduce memory usage. Loaded Objects now: 2374.
Total: 2.064700 ms (FindLiveObjects: 0.338300 ms CreateObjectMapping: 0.071100 ms MarkObjects: 1.638800 ms  DeleteObjects: 0.015300 ms)

AssetImportParameters requested are different than current active one (requested -> active):
  custom:graphics/normal-map-encoding: 01000000000000000000000000000000 -> 02000000000000000000000000000000
========================================================================
Received Prepare
Registering precompiled user dll's ...
Registered in 0.000804 seconds.
Begin MonoManager ReloadAssembly
Native extension for WindowsStandalone target not found
Refreshing native plugins compatible for Editor in 0.41 ms, found 1 plugins.
Preloading 0 native plugins for Editor in 0.00 ms.
Invoked RoslynAnalysisRunner static constructor.
RoslynAnalysisRunner will not be running.
RoslynAnalysisRunner has terminated.
Mono: successfully reloaded assembly
- Completed reload, in  1.035 seconds
Platform modules already initialized, skipping
Switching build target platform(5) subTarget(0) extendedPlatform(0) -> platform(13) subTarget(537395200) extendedPlatform(0)
Refreshing native plugins compatible for Editor in 0.37 ms, found 1 plugins.
Preloading 0 native plugins for Editor in 0.00 ms.
Unloading 1860 Unused Serialized files (Serialized files now loaded: 0)
System memory in use before: 105.2 MB.
System memory in use after: 105.3 MB.

Unloading 8 unused Assets to reduce memory usage. Loaded Objects now: 2377.
Total: 1.952600 ms (FindLiveObjects: 0.217900 ms CreateObjectMapping: 0.046800 ms MarkObjects: 1.671800 ms  DeleteObjects: 0.015200 ms)

AssetImportParameters requested are different than current active one (requested -> active):
  custom:graphics/normal-map-encoding: 01000000000000000000000000000000 -> 02000000000000000000000000000000
AssetImportWorkerClient::OnTransportError - code=2 error=End of file
